<?xml version="1.0" encoding="UTF-8"?>
<!-- Generated by org.testng.reporters.JUnitReportReporter -->
<testsuite hostname="Shashwats-Laptop" failures="0" tests="2" name="runner.TestRunner" time="48.154" errors="0" timestamp="2020-12-22T23:56:57 IST" skipped="0">
  <testcase classname="runner.TestRunner" name="runScenario" time="23.775"/>
  <system-out/>
  <testcase classname="runner.TestRunner" name="runScenario" time="24.379"/>
  <system-out/>
</testsuite> <!-- runner.TestRunner -->
